[2026-06-19T13:03:13.823+0000] {manager.py:487} INFO - Processing files using up to 2 processes at a time 
[2026-06-19T13:03:13.826+0000] {manager.py:488} INFO - Process each file at most once every 30 seconds
[2026-06-19T13:03:13.828+0000] {manager.py:489} INFO - Checking for new files in /opt/airflow/dags every 300 seconds
[2026-06-19T13:03:13.831+0000] {manager.py:759} INFO - Searching for files in /opt/airflow/dags
[2026-06-19T13:03:13.876+0000] {manager.py:762} INFO - There are 1 files in /opt/airflow/dags
[2026-06-19T13:03:14.080+0000] {manager.py:893} INFO - 
================================================================================
DAG File Processing Stats

File Path                                PID  Runtime      # DAGs    # Errors  Last Runtime    Last Run
-------------------------------------  -----  ---------  --------  ----------  --------------  ----------
/opt/airflow/dags/dag_fato_compras.py    170  0.09s             0           0
================================================================================
[2026-06-19T13:03:44.811+0000] {manager.py:893} INFO - 
================================================================================
DAG File Processing Stats

File Path                              PID    Runtime      # DAGs    # Errors  Last Runtime    Last Run
-------------------------------------  -----  ---------  --------  ----------  --------------  -------------------
/opt/airflow/dags/dag_fato_compras.py                           1           0  2.55s           2026-06-19T13:03:16
================================================================================
[2026-06-19T13:04:15.621+0000] {manager.py:893} INFO - 
================================================================================
DAG File Processing Stats

File Path                              PID    Runtime      # DAGs    # Errors  Last Runtime    Last Run
-------------------------------------  -----  ---------  --------  ----------  --------------  -------------------
/opt/airflow/dags/dag_fato_compras.py                           1           0  1.08s           2026-06-19T13:03:47
================================================================================
[2026-06-19T13:04:46.286+0000] {manager.py:893} INFO - 
================================================================================
DAG File Processing Stats

File Path                              PID    Runtime      # DAGs    # Errors  Last Runtime    Last Run
-------------------------------------  -----  ---------  --------  ----------  --------------  -------------------
/opt/airflow/dags/dag_fato_compras.py                           1           0  1.02s           2026-06-19T13:04:19
================================================================================
[2026-06-19T13:05:16.980+0000] {manager.py:893} INFO - 
================================================================================
DAG File Processing Stats

File Path                              PID    Runtime      # DAGs    # Errors  Last Runtime    Last Run
-------------------------------------  -----  ---------  --------  ----------  --------------  -------------------
/opt/airflow/dags/dag_fato_compras.py                           1           0  0.96s           2026-06-19T13:04:51
================================================================================
[2026-06-19T13:05:47.651+0000] {manager.py:893} INFO - 
================================================================================
DAG File Processing Stats

File Path                              PID    Runtime      # DAGs    # Errors  Last Runtime    Last Run
-------------------------------------  -----  ---------  --------  ----------  --------------  -------------------
/opt/airflow/dags/dag_fato_compras.py                           1           0  0.97s           2026-06-19T13:05:22
================================================================================
[2026-06-19T13:06:18.371+0000] {manager.py:893} INFO - 
================================================================================
DAG File Processing Stats

File Path                              PID    Runtime      # DAGs    # Errors  Last Runtime    Last Run
-------------------------------------  -----  ---------  --------  ----------  --------------  -------------------
/opt/airflow/dags/dag_fato_compras.py                           1           0  0.79s           2026-06-19T13:05:54
================================================================================
[2026-06-19T13:06:48.930+0000] {manager.py:893} INFO - 
================================================================================
DAG File Processing Stats

File Path                              PID    Runtime      # DAGs    # Errors  Last Runtime    Last Run
-------------------------------------  -----  ---------  --------  ----------  --------------  -------------------
/opt/airflow/dags/dag_fato_compras.py                           1           0  0.86s           2026-06-19T13:06:26
================================================================================
[2026-06-19T13:07:19.631+0000] {manager.py:893} INFO - 
================================================================================
DAG File Processing Stats

File Path                              PID    Runtime      # DAGs    # Errors  Last Runtime    Last Run
-------------------------------------  -----  ---------  --------  ----------  --------------  -------------------
/opt/airflow/dags/dag_fato_compras.py                           1           0  0.92s           2026-06-19T13:06:57
================================================================================
[2026-06-19T13:07:49.712+0000] {manager.py:893} INFO - 
================================================================================
DAG File Processing Stats

File Path                              PID    Runtime      # DAGs    # Errors  Last Runtime    Last Run
-------------------------------------  -----  ---------  --------  ----------  --------------  -------------------
/opt/airflow/dags/dag_fato_compras.py                           1           0  0.78s           2026-06-19T13:07:28
================================================================================
[2026-06-19T13:08:14.272+0000] {manager.py:759} INFO - Searching for files in /opt/airflow/dags
[2026-06-19T13:08:14.309+0000] {manager.py:762} INFO - There are 1 files in /opt/airflow/dags
[2026-06-19T13:08:20.373+0000] {manager.py:893} INFO - 
================================================================================
DAG File Processing Stats

File Path                              PID    Runtime      # DAGs    # Errors  Last Runtime    Last Run
-------------------------------------  -----  ---------  --------  ----------  --------------  -------------------
/opt/airflow/dags/dag_fato_compras.py                           1           0  0.78s           2026-06-19T13:07:59
================================================================================
[2026-06-19T13:08:50.607+0000] {manager.py:893} INFO - 
================================================================================
DAG File Processing Stats

File Path                              PID    Runtime      # DAGs    # Errors  Last Runtime    Last Run
-------------------------------------  -----  ---------  --------  ----------  --------------  -------------------
/opt/airflow/dags/dag_fato_compras.py                           1           0  0.84s           2026-06-19T13:08:30
================================================================================
[2026-06-19T13:09:20.665+0000] {manager.py:893} INFO - 
================================================================================
DAG File Processing Stats

File Path                              PID    Runtime      # DAGs    # Errors  Last Runtime    Last Run
-------------------------------------  -----  ---------  --------  ----------  --------------  -------------------
/opt/airflow/dags/dag_fato_compras.py                           1           0  0.83s           2026-06-19T13:09:01
================================================================================
[2026-06-19T13:09:51.203+0000] {manager.py:893} INFO - 
================================================================================
DAG File Processing Stats

File Path                              PID    Runtime      # DAGs    # Errors  Last Runtime    Last Run
-------------------------------------  -----  ---------  --------  ----------  --------------  -------------------
/opt/airflow/dags/dag_fato_compras.py                           1           0  1.33s           2026-06-19T13:09:33
================================================================================
[2026-06-19T13:10:51.263+0000] {manager.py:487} INFO - Processing files using up to 2 processes at a time 
[2026-06-19T13:10:51.265+0000] {manager.py:488} INFO - Process each file at most once every 30 seconds
[2026-06-19T13:10:51.268+0000] {manager.py:489} INFO - Checking for new files in /opt/airflow/dags every 300 seconds
[2026-06-19T13:10:51.270+0000] {manager.py:759} INFO - Searching for files in /opt/airflow/dags
[2026-06-19T13:10:51.324+0000] {manager.py:762} INFO - There are 1 files in /opt/airflow/dags
[2026-06-19T13:10:51.614+0000] {manager.py:893} INFO - 
================================================================================
DAG File Processing Stats

File Path                                PID  Runtime      # DAGs    # Errors  Last Runtime    Last Run
-------------------------------------  -----  ---------  --------  ----------  --------------  ----------
/opt/airflow/dags/dag_fato_compras.py    170  0.11s             0           0
================================================================================
[2026-06-19T13:11:21.702+0000] {manager.py:893} INFO - 
================================================================================
DAG File Processing Stats

File Path                              PID    Runtime      # DAGs    # Errors  Last Runtime    Last Run
-------------------------------------  -----  ---------  --------  ----------  --------------  -------------------
/opt/airflow/dags/dag_fato_compras.py                           1           0  2.96s           2026-06-19T13:10:54
================================================================================
[2026-06-19T13:11:52.042+0000] {manager.py:893} INFO - 
================================================================================
DAG File Processing Stats

File Path                              PID    Runtime      # DAGs    # Errors  Last Runtime    Last Run
-------------------------------------  -----  ---------  --------  ----------  --------------  -------------------
/opt/airflow/dags/dag_fato_compras.py                           1           0  1.10s           2026-06-19T13:11:25
================================================================================
[2026-06-19T13:12:22.332+0000] {manager.py:893} INFO - 
================================================================================
DAG File Processing Stats

File Path                              PID    Runtime      # DAGs    # Errors  Last Runtime    Last Run
-------------------------------------  -----  ---------  --------  ----------  --------------  -------------------
/opt/airflow/dags/dag_fato_compras.py                           1           0  1.26s           2026-06-19T13:11:57
================================================================================
[2026-06-19T13:12:52.853+0000] {manager.py:893} INFO - 
================================================================================
DAG File Processing Stats

File Path                              PID    Runtime      # DAGs    # Errors  Last Runtime    Last Run
-------------------------------------  -----  ---------  --------  ----------  --------------  -------------------
/opt/airflow/dags/dag_fato_compras.py                           1           0  1.28s           2026-06-19T13:12:28
================================================================================
[2026-06-19T13:13:23.192+0000] {manager.py:893} INFO - 
================================================================================
DAG File Processing Stats

File Path                              PID    Runtime      # DAGs    # Errors  Last Runtime    Last Run
-------------------------------------  -----  ---------  --------  ----------  --------------  -------------------
/opt/airflow/dags/dag_fato_compras.py                           1           0  1.58s           2026-06-19T13:13:00
================================================================================
[2026-06-19T13:13:53.601+0000] {manager.py:893} INFO - 
================================================================================
DAG File Processing Stats

File Path                              PID    Runtime      # DAGs    # Errors  Last Runtime    Last Run
-------------------------------------  -----  ---------  --------  ----------  --------------  -------------------
/opt/airflow/dags/dag_fato_compras.py                           1           0  0.87s           2026-06-19T13:13:31
================================================================================
[2026-06-19T13:14:23.728+0000] {manager.py:893} INFO - 
================================================================================
DAG File Processing Stats

File Path                              PID    Runtime      # DAGs    # Errors  Last Runtime    Last Run
-------------------------------------  -----  ---------  --------  ----------  --------------  -------------------
/opt/airflow/dags/dag_fato_compras.py                           1           0  0.90s           2026-06-19T13:14:02
================================================================================
[2026-06-19T13:14:53.939+0000] {manager.py:893} INFO - 
================================================================================
DAG File Processing Stats

File Path                              PID    Runtime      # DAGs    # Errors  Last Runtime    Last Run
-------------------------------------  -----  ---------  --------  ----------  --------------  -------------------
/opt/airflow/dags/dag_fato_compras.py                           1           0  0.98s           2026-06-19T13:14:33
================================================================================
[2026-06-19T13:15:23.946+0000] {manager.py:893} INFO - 
================================================================================
DAG File Processing Stats

File Path                              PID    Runtime      # DAGs    # Errors  Last Runtime    Last Run
-------------------------------------  -----  ---------  --------  ----------  --------------  -------------------
/opt/airflow/dags/dag_fato_compras.py                           1           0  0.81s           2026-06-19T13:15:04
================================================================================
[2026-06-19T13:15:51.801+0000] {manager.py:759} INFO - Searching for files in /opt/airflow/dags
[2026-06-19T13:15:51.840+0000] {manager.py:762} INFO - There are 1 files in /opt/airflow/dags
[2026-06-19T13:15:54.137+0000] {manager.py:893} INFO - 
================================================================================
DAG File Processing Stats

File Path                              PID    Runtime      # DAGs    # Errors  Last Runtime    Last Run
-------------------------------------  -----  ---------  --------  ----------  --------------  -------------------
/opt/airflow/dags/dag_fato_compras.py                           1           0  0.84s           2026-06-19T13:15:35
================================================================================
[2026-06-19T13:16:24.342+0000] {manager.py:893} INFO - 
================================================================================
DAG File Processing Stats

File Path                              PID    Runtime      # DAGs    # Errors  Last Runtime    Last Run
-------------------------------------  -----  ---------  --------  ----------  --------------  -------------------
/opt/airflow/dags/dag_fato_compras.py                           1           0  0.89s           2026-06-19T13:16:06
================================================================================
[2026-06-19T13:16:54.547+0000] {manager.py:893} INFO - 
================================================================================
DAG File Processing Stats

File Path                              PID    Runtime      # DAGs    # Errors  Last Runtime    Last Run
-------------------------------------  -----  ---------  --------  ----------  --------------  -------------------
/opt/airflow/dags/dag_fato_compras.py                           1           0  0.75s           2026-06-19T13:16:37
================================================================================
[2026-06-19T13:17:24.756+0000] {manager.py:893} INFO - 
================================================================================
DAG File Processing Stats

File Path                              PID    Runtime      # DAGs    # Errors  Last Runtime    Last Run
-------------------------------------  -----  ---------  --------  ----------  --------------  -------------------
/opt/airflow/dags/dag_fato_compras.py                           1           0  0.80s           2026-06-19T13:17:08
================================================================================
[2026-06-19T13:17:55.101+0000] {manager.py:893} INFO - 
================================================================================
DAG File Processing Stats

File Path                              PID    Runtime      # DAGs    # Errors  Last Runtime    Last Run
-------------------------------------  -----  ---------  --------  ----------  --------------  -------------------
/opt/airflow/dags/dag_fato_compras.py                           1           0  0.70s           2026-06-19T13:17:39
================================================================================
[2026-06-19T13:18:25.311+0000] {manager.py:893} INFO - 
================================================================================
DAG File Processing Stats

File Path                              PID    Runtime      # DAGs    # Errors  Last Runtime    Last Run
-------------------------------------  -----  ---------  --------  ----------  --------------  -------------------
/opt/airflow/dags/dag_fato_compras.py                           1           0  1.01s           2026-06-19T13:18:10
================================================================================
[2026-06-19T13:18:55.526+0000] {manager.py:893} INFO - 
================================================================================
DAG File Processing Stats

File Path                              PID    Runtime      # DAGs    # Errors  Last Runtime    Last Run
-------------------------------------  -----  ---------  --------  ----------  --------------  -------------------
/opt/airflow/dags/dag_fato_compras.py                           1           0  0.77s           2026-06-19T13:18:41
================================================================================
[2026-06-19T13:19:25.757+0000] {manager.py:893} INFO - 
================================================================================
DAG File Processing Stats

File Path                              PID    Runtime      # DAGs    # Errors  Last Runtime    Last Run
-------------------------------------  -----  ---------  --------  ----------  --------------  -------------------
/opt/airflow/dags/dag_fato_compras.py                           1           0  0.78s           2026-06-19T13:19:12
================================================================================
[2026-06-19T13:19:55.762+0000] {manager.py:893} INFO - 
================================================================================
DAG File Processing Stats

File Path                              PID    Runtime      # DAGs    # Errors  Last Runtime    Last Run
-------------------------------------  -----  ---------  --------  ----------  --------------  -------------------
/opt/airflow/dags/dag_fato_compras.py                           1           0  0.76s           2026-06-19T13:19:43
================================================================================
[2026-06-19T13:20:25.791+0000] {manager.py:893} INFO - 
================================================================================
DAG File Processing Stats

File Path                              PID    Runtime      # DAGs    # Errors  Last Runtime    Last Run
-------------------------------------  -----  ---------  --------  ----------  --------------  -------------------
/opt/airflow/dags/dag_fato_compras.py                           1           0  0.81s           2026-06-19T13:20:14
================================================================================
[2026-06-19T13:20:52.467+0000] {manager.py:759} INFO - Searching for files in /opt/airflow/dags
[2026-06-19T13:20:52.502+0000] {manager.py:762} INFO - There are 1 files in /opt/airflow/dags
[2026-06-19T13:20:56.549+0000] {manager.py:893} INFO - 
================================================================================
DAG File Processing Stats

File Path                              PID    Runtime      # DAGs    # Errors  Last Runtime    Last Run
-------------------------------------  -----  ---------  --------  ----------  --------------  -------------------
/opt/airflow/dags/dag_fato_compras.py                           1           0  0.69s           2026-06-19T13:20:45
================================================================================
[2026-06-19T13:21:26.876+0000] {manager.py:893} INFO - 
================================================================================
DAG File Processing Stats

File Path                              PID    Runtime      # DAGs    # Errors  Last Runtime    Last Run
-------------------------------------  -----  ---------  --------  ----------  --------------  -------------------
/opt/airflow/dags/dag_fato_compras.py                           1           0  0.72s           2026-06-19T13:21:16
================================================================================
[2026-06-19T13:21:57.072+0000] {manager.py:893} INFO - 
================================================================================
DAG File Processing Stats

File Path                              PID    Runtime      # DAGs    # Errors  Last Runtime    Last Run
-------------------------------------  -----  ---------  --------  ----------  --------------  -------------------
/opt/airflow/dags/dag_fato_compras.py                           1           0  0.87s           2026-06-19T13:21:47
================================================================================
[2026-06-19T13:22:27.289+0000] {manager.py:893} INFO - 
================================================================================
DAG File Processing Stats

File Path                              PID    Runtime      # DAGs    # Errors  Last Runtime    Last Run
-------------------------------------  -----  ---------  --------  ----------  --------------  -------------------
/opt/airflow/dags/dag_fato_compras.py                           1           0  0.82s           2026-06-19T13:22:18
================================================================================
[2026-06-19T13:22:57.476+0000] {manager.py:893} INFO - 
================================================================================
DAG File Processing Stats

File Path                              PID    Runtime      # DAGs    # Errors  Last Runtime    Last Run
-------------------------------------  -----  ---------  --------  ----------  --------------  -------------------
/opt/airflow/dags/dag_fato_compras.py                           1           0  0.71s           2026-06-19T13:22:49
================================================================================
[2026-06-19T13:23:27.521+0000] {manager.py:893} INFO - 
================================================================================
DAG File Processing Stats

File Path                              PID    Runtime      # DAGs    # Errors  Last Runtime    Last Run
-------------------------------------  -----  ---------  --------  ----------  --------------  -------------------
/opt/airflow/dags/dag_fato_compras.py                           1           0  0.83s           2026-06-19T13:23:20
================================================================================
[2026-06-19T13:23:57.727+0000] {manager.py:893} INFO - 
================================================================================
DAG File Processing Stats

File Path                              PID    Runtime      # DAGs    # Errors  Last Runtime    Last Run
-------------------------------------  -----  ---------  --------  ----------  --------------  -------------------
/opt/airflow/dags/dag_fato_compras.py                           1           0  1.07s           2026-06-19T13:23:51
================================================================================
[2026-06-19T13:24:27.974+0000] {manager.py:893} INFO - 
================================================================================
DAG File Processing Stats

File Path                              PID    Runtime      # DAGs    # Errors  Last Runtime    Last Run
-------------------------------------  -----  ---------  --------  ----------  --------------  -------------------
/opt/airflow/dags/dag_fato_compras.py                           1           0  0.78s           2026-06-19T13:24:22
================================================================================
[2026-06-19T13:24:58.184+0000] {manager.py:893} INFO - 
================================================================================
DAG File Processing Stats

File Path                              PID    Runtime      # DAGs    # Errors  Last Runtime    Last Run
-------------------------------------  -----  ---------  --------  ----------  --------------  -------------------
/opt/airflow/dags/dag_fato_compras.py                           1           0  0.90s           2026-06-19T13:24:53
================================================================================
[2026-06-19T13:25:28.378+0000] {manager.py:893} INFO - 
================================================================================
DAG File Processing Stats

File Path                              PID    Runtime      # DAGs    # Errors  Last Runtime    Last Run
-------------------------------------  -----  ---------  --------  ----------  --------------  -------------------
/opt/airflow/dags/dag_fato_compras.py                           1           0  0.88s           2026-06-19T13:25:24
================================================================================
[2026-06-19T13:25:52.522+0000] {manager.py:759} INFO - Searching for files in /opt/airflow/dags
[2026-06-19T13:25:52.559+0000] {manager.py:762} INFO - There are 1 files in /opt/airflow/dags
[2026-06-19T13:25:58.626+0000] {manager.py:893} INFO - 
================================================================================
DAG File Processing Stats

File Path                              PID    Runtime      # DAGs    # Errors  Last Runtime    Last Run
-------------------------------------  -----  ---------  --------  ----------  --------------  -------------------
/opt/airflow/dags/dag_fato_compras.py                           1           0  0.75s           2026-06-19T13:25:55
================================================================================
[2026-06-19T13:26:29.085+0000] {manager.py:893} INFO - 
================================================================================
DAG File Processing Stats

File Path                              PID    Runtime      # DAGs    # Errors  Last Runtime    Last Run
-------------------------------------  -----  ---------  --------  ----------  --------------  -------------------
/opt/airflow/dags/dag_fato_compras.py                           1           0  1.05s           2026-06-19T13:26:27
================================================================================
