[2026-06-19T13:11:32.809+0000] {logging_mixin.py:151} INFO - Changing /opt/airflow/logs/dag_id=processamento_batch_atas/run_id=manual__2026-06-19T13:11:27.644711+00:00/task_id=consolidar_fato_compras permission to 509
[2026-06-19T13:11:32.812+0000] {logging_mixin.py:151} INFO - Failed to change /opt/airflow/logs/dag_id=processamento_batch_atas/run_id=manual__2026-06-19T13:11:27.644711+00:00/task_id=consolidar_fato_compras permission to 509: [Errno 1] Operation not permitted: '/opt/airflow/logs/dag_id=processamento_batch_atas/run_id=manual__2026-06-19T13:11:27.644711+00:00/task_id=consolidar_fato_compras'
[2026-06-19T13:11:32.927+0000] {logging_mixin.py:151} INFO - Changing /opt/airflow/logs/dag_id=processamento_batch_atas/run_id=manual__2026-06-19T13:11:27.644711+00:00/task_id=consolidar_fato_compras permission to 509
[2026-06-19T13:11:32.930+0000] {logging_mixin.py:151} INFO - Failed to change /opt/airflow/logs/dag_id=processamento_batch_atas/run_id=manual__2026-06-19T13:11:27.644711+00:00/task_id=consolidar_fato_compras permission to 509: [Errno 1] Operation not permitted: '/opt/airflow/logs/dag_id=processamento_batch_atas/run_id=manual__2026-06-19T13:11:27.644711+00:00/task_id=consolidar_fato_compras'
[2026-06-19T13:11:33.428+0000] {taskinstance.py:1157} INFO - Dependencies all met for dep_context=non-requeueable deps ti=<TaskInstance: processamento_batch_atas.consolidar_fato_compras manual__2026-06-19T13:11:27.644711+00:00 [queued]>
[2026-06-19T13:11:33.453+0000] {taskinstance.py:1157} INFO - Dependencies all met for dep_context=requeueable deps ti=<TaskInstance: processamento_batch_atas.consolidar_fato_compras manual__2026-06-19T13:11:27.644711+00:00 [queued]>
[2026-06-19T13:11:33.455+0000] {taskinstance.py:1359} INFO - Starting attempt 1 of 2
[2026-06-19T13:11:33.490+0000] {taskinstance.py:1380} INFO - Executing <Task(PythonOperator): consolidar_fato_compras> on 2026-06-19 13:11:27.644711+00:00
[2026-06-19T13:11:33.512+0000] {standard_task_runner.py:57} INFO - Started process 184 to run task
[2026-06-19T13:11:33.522+0000] {standard_task_runner.py:84} INFO - Running: ['airflow', 'tasks', 'run', 'processamento_batch_atas', 'consolidar_fato_compras', 'manual__2026-06-19T13:11:27.644711+00:00', '--job-id', '11', '--raw', '--subdir', 'DAGS_FOLDER/dag_fato_compras.py', '--cfg-path', '/tmp/tmpgwsgkekl']
[2026-06-19T13:11:33.535+0000] {standard_task_runner.py:85} INFO - Job 11: Subtask consolidar_fato_compras
[2026-06-19T13:11:33.703+0000] {logging_mixin.py:151} INFO - Changing /opt/airflow/logs/dag_id=processamento_batch_atas/run_id=manual__2026-06-19T13:11:27.644711+00:00/task_id=consolidar_fato_compras permission to 509
[2026-06-19T13:11:33.705+0000] {logging_mixin.py:151} INFO - Failed to change /opt/airflow/logs/dag_id=processamento_batch_atas/run_id=manual__2026-06-19T13:11:27.644711+00:00/task_id=consolidar_fato_compras permission to 509: [Errno 1] Operation not permitted: '/opt/airflow/logs/dag_id=processamento_batch_atas/run_id=manual__2026-06-19T13:11:27.644711+00:00/task_id=consolidar_fato_compras'
[2026-06-19T13:11:33.724+0000] {task_command.py:415} INFO - Running <TaskInstance: processamento_batch_atas.consolidar_fato_compras manual__2026-06-19T13:11:27.644711+00:00 [running]> on host 32ae91e17b80
[2026-06-19T13:11:34.051+0000] {taskinstance.py:1660} INFO - Exporting env vars: AIRFLOW_CTX_DAG_OWNER='engenharia_dados' AIRFLOW_CTX_DAG_ID='processamento_batch_atas' AIRFLOW_CTX_TASK_ID='consolidar_fato_compras' AIRFLOW_CTX_EXECUTION_DATE='2026-06-19T13:11:27.644711+00:00' AIRFLOW_CTX_TRY_NUMBER='1' AIRFLOW_CTX_DAG_RUN_ID='manual__2026-06-19T13:11:27.644711+00:00'
[2026-06-19T13:11:34.058+0000] {logging_mixin.py:151} INFO - Conectando ao banco de dados analítico (ClickHouse)...
[2026-06-19T13:11:34.148+0000] {logging_mixin.py:151} INFO - 26 registros extraídos. Iniciando processamento Batch...
[2026-06-19T13:11:34.205+0000] {logging_mixin.py:151} INFO - Inserindo 8 linhas agregadas na tabela fato_registro_precos...
[2026-06-19T13:11:34.231+0000] {logging_mixin.py:151} INFO - Job Batch finalizado com Sucesso!
[2026-06-19T13:11:34.233+0000] {python.py:194} INFO - Done. Returned value was: None
[2026-06-19T13:11:34.273+0000] {taskinstance.py:1398} INFO - Marking task as SUCCESS. dag_id=processamento_batch_atas, task_id=consolidar_fato_compras, execution_date=20260619T131127, start_date=20260619T131133, end_date=20260619T131134
[2026-06-19T13:11:34.344+0000] {local_task_job_runner.py:228} INFO - Task exited with return code 0
[2026-06-19T13:11:34.408+0000] {taskinstance.py:2776} INFO - 0 downstream tasks scheduled from follow-on schedule check
